<?xml version="1.0" encoding="UTF-8"?>
<testng-results skipped="0" failed="0" ignored="0" total="1" passed="1">
  <reporter-output>
  </reporter-output>
  <suite name="Suite" duration-ms="22627" started-at="2020-12-25T10:58:04 IST" finished-at="2020-12-25T10:58:27 IST">
    <groups>
    </groups>
    <test name="Test" duration-ms="22627" started-at="2020-12-25T10:58:04 IST" finished-at="2020-12-25T10:58:27 IST">
      <class name="com.tyroo.tests.ImdbTest">
        <test-method status="PASS" signature="setUp()[pri:0, instance:com.tyroo.tests.ImdbTest@59fa1d9b]" name="setUp" is-config="true" duration-ms="20031" started-at="2020-12-25T10:58:05 IST" finished-at="2020-12-25T10:58:25 IST">
          <reporter-output>
          </reporter-output>
        </test-method> <!-- setUp -->
        <test-method status="PASS" signature="verifyApiAndUIResults()[pri:0, instance:com.tyroo.tests.ImdbTest@59fa1d9b]" name="verifyApiAndUIResults" duration-ms="1772" started-at="2020-12-25T10:58:25 IST" finished-at="2020-12-25T10:58:26 IST">
          <reporter-output>
          </reporter-output>
        </test-method> <!-- verifyApiAndUIResults -->
        <test-method status="PASS" signature="tearDown()[pri:0, instance:com.tyroo.tests.ImdbTest@59fa1d9b]" name="tearDown" is-config="true" duration-ms="777" started-at="2020-12-25T10:58:26 IST" finished-at="2020-12-25T10:58:27 IST">
          <reporter-output>
          </reporter-output>
        </test-method> <!-- tearDown -->
      </class> <!-- com.tyroo.tests.ImdbTest -->
    </test> <!-- Test -->
  </suite> <!-- Suite -->
</testng-results>
