<?xml version="1.0" encoding="UTF-8"?>
<testng-results skipped="0" failed="0" ignored="0" total="1" passed="1">
  <reporter-output>
  </reporter-output>
  <suite name="Suite" duration-ms="19264" started-at="2020-12-25T10:55:40 IST" finished-at="2020-12-25T10:56:00 IST">
    <groups>
    </groups>
    <test name="Test" duration-ms="19264" started-at="2020-12-25T10:55:40 IST" finished-at="2020-12-25T10:56:00 IST">
      <class name="com.tyroo.tests.ImdbTest">
        <test-method status="PASS" signature="setUp()[pri:0, instance:com.tyroo.tests.ImdbTest@394e1a0f]" name="setUp" is-config="true" duration-ms="16924" started-at="2020-12-25T10:55:40 IST" finished-at="2020-12-25T10:55:57 IST">
          <reporter-output>
          </reporter-output>
        </test-method> <!-- setUp -->
        <test-method status="PASS" signature="verifyApiAndUIResults()[pri:0, instance:com.tyroo.tests.ImdbTest@394e1a0f]" name="verifyApiAndUIResults" duration-ms="1559" started-at="2020-12-25T10:55:57 IST" finished-at="2020-12-25T10:55:59 IST">
          <reporter-output>
          </reporter-output>
        </test-method> <!-- verifyApiAndUIResults -->
        <test-method status="PASS" signature="tearDown()[pri:0, instance:com.tyroo.tests.ImdbTest@394e1a0f]" name="tearDown" is-config="true" duration-ms="737" started-at="2020-12-25T10:55:59 IST" finished-at="2020-12-25T10:56:00 IST">
          <reporter-output>
          </reporter-output>
        </test-method> <!-- tearDown -->
      </class> <!-- com.tyroo.tests.ImdbTest -->
    </test> <!-- Test -->
  </suite> <!-- Suite -->
</testng-results>
